<?xml version="1.0" encoding="UTF-8" ?>
<testsuite failures="0" time="2.393" errors="0" skipped="0" tests="2" name="apitest.TestApiLoader">
  <properties>
[...]
</properties>
  <testcase time="0.412" classname="getExcelTestData{url=http:\/\/jsonplaceholder.typicode.com\/users\/1\u002C httpverb=GET\u002C expectedResponse={\n\&quot;id\&quot;: 1\u002C\n\&quot;name\&quot;: \&quot;Leanne Graham\&quot;\u002C\n\&quot;username\&quot;: \&quot;Bret\&quot;\u002C\n\&quot;email\&quot;: \&quot;Sincere@april.biz\&quot;\u002C\n\&quot;address\&quot;: {\n\&quot;street\&quot;: \&quot;Kulas Light\&quot;\u002C\n\&quot;suite\&quot;: \&quot;Apt. 556\&quot;\u002C\n\&quot;city\&quot;: \&quot;Gwenborough\&quot;\u002C\n\&quot;zipcode\&quot;: \&quot;92998-3874\&quot;\u002C\n\&quot;geo\&quot;: {\n\&quot;lat\&quot;: \&quot;-37.3159\&quot;\u002C\n\&quot;lng\&quot;: \&quot;81.1496\&quot;\n}\n}\u002C\n\&quot;phone\&quot;: \&quot;1-770-736-8031 x56442\&quot;\u002C\n\&quot;website\&quot;: \&quot;hildegard.org\&quot;\u002C\n\&quot;company\&quot;: {\n\&quot;name\&quot;: \&quot;Romaguera-Crona\&quot;\u002C\n\&quot;catchPhrase\&quot;: \&quot;Multi-layered client-server neural-net\&quot;\u002C\n\&quot;bs\&quot;: \&quot;harness real-time e-markets\&quot;\n}\n}\u002C Duration(ms)=340.0}(apitest.TestApiLoader)" name="getExcelTestData{url=http:\/\/jsonplaceholder.typicode.com\/users\/1\u002C httpverb=GET\u002C expectedResponse={\n\&quot;id\&quot;: 1\u002C\n\&quot;name\&quot;: \&quot;Leanne Graham\&quot;\u002C\n\&quot;username\&quot;: \&quot;Bret\&quot;\u002C\n\&quot;email\&quot;: \&quot;Sincere@april.biz\&quot;\u002C\n\&quot;address\&quot;: {\n\&quot;street\&quot;: \&quot;Kulas Light\&quot;\u002C\n\&quot;suite\&quot;: \&quot;Apt. 556\&quot;\u002C\n\&quot;city\&quot;: \&quot;Gwenborough\&quot;\u002C\n\&quot;zipcode\&quot;: \&quot;92998-3874\&quot;\u002C\n\&quot;geo\&quot;: {\n\&quot;lat\&quot;: \&quot;-37.3159\&quot;\u002C\n\&quot;lng\&quot;: \&quot;81.1496\&quot;\n}\n}\u002C\n\&quot;phone\&quot;: \&quot;1-770-736-8031 x56442\&quot;\u002C\n\&quot;website\&quot;: \&quot;hildegard.org\&quot;\u002C\n\&quot;company\&quot;: {\n\&quot;name\&quot;: \&quot;Romaguera-Crona\&quot;\u002C\n\&quot;catchPhrase\&quot;: \&quot;Multi-layered client-server neural-net\&quot;\u002C\n\&quot;bs\&quot;: \&quot;harness real-time e-markets\&quot;\n}\n}\u002C Duration"/>
  <testcase time="0.414" classname="getExcelTestData{url=http:\/\/jsonplaceholder.typicode.com\/users\/2\u002C httpverb=GET\u002C expectedResponse={\n\&quot;id\&quot;: 2\u002C\n\&quot;name\&quot;: \&quot;Ervin Howell\&quot;\u002C\n\&quot;username\&quot;: \&quot;Antonette\&quot;\u002C\n\&quot;email\&quot;: \&quot;Shanna@melissa.tv\&quot;\u002C\n\&quot;address\&quot;: {\n\&quot;street\&quot;: \&quot;Victor Plains\&quot;\u002C\n\&quot;suite\&quot;: \&quot;Suite 879\&quot;\u002C\n\&quot;city\&quot;: \&quot;Wisokyburgh\&quot;\u002C\n\&quot;zipcode\&quot;: \&quot;90566-7771\&quot;\u002C\n\&quot;geo\&quot;: {\n\&quot;lat\&quot;: \&quot;-43.9509\&quot;\u002C\n\&quot;lng\&quot;: \&quot;-34.4618\&quot;\n}\n}\u002C\n\&quot;phone\&quot;: \&quot;010-692-6593 x09125\&quot;\u002C\n\&quot;website\&quot;: \&quot;anastasia.net\&quot;\u002C\n\&quot;company\&quot;: {\n\&quot;name\&quot;: \&quot;Deckow-Crist\&quot;\u002C\n\&quot;catchPhrase\&quot;: \&quot;Proactive didactic contingency\&quot;\u002C\n\&quot;bs\&quot;: \&quot;synergize scalable supply-chains\&quot;\n}\n}\u002C Duration(ms)=340.0}(apitest.TestApiLoader)" name="getExcelTestData{url=http:\/\/jsonplaceholder.typicode.com\/users\/2\u002C httpverb=GET\u002C expectedResponse={\n\&quot;id\&quot;: 2\u002C\n\&quot;name\&quot;: \&quot;Ervin Howell\&quot;\u002C\n\&quot;username\&quot;: \&quot;Antonette\&quot;\u002C\n\&quot;email\&quot;: \&quot;Shanna@melissa.tv\&quot;\u002C\n\&quot;address\&quot;: {\n\&quot;street\&quot;: \&quot;Victor Plains\&quot;\u002C\n\&quot;suite\&quot;: \&quot;Suite 879\&quot;\u002C\n\&quot;city\&quot;: \&quot;Wisokyburgh\&quot;\u002C\n\&quot;zipcode\&quot;: \&quot;90566-7771\&quot;\u002C\n\&quot;geo\&quot;: {\n\&quot;lat\&quot;: \&quot;-43.9509\&quot;\u002C\n\&quot;lng\&quot;: \&quot;-34.4618\&quot;\n}\n}\u002C\n\&quot;phone\&quot;: \&quot;010-692-6593 x09125\&quot;\u002C\n\&quot;website\&quot;: \&quot;anastasia.net\&quot;\u002C\n\&quot;company\&quot;: {\n\&quot;name\&quot;: \&quot;Deckow-Crist\&quot;\u002C\n\&quot;catchPhrase\&quot;: \&quot;Proactive didactic contingency\&quot;\u002C\n\&quot;bs\&quot;: \&quot;synergize scalable supply-chains\&quot;\n}\n}\u002C Duration"/>
</testsuite>